{"/var/home/v/lab/types/index.ts": {"path":"/var/home/v/lab/types/index.ts","all":false,"statementMap":{"46":{"start":{"line":47,"column":0},"end":{"line":47,"column":42}},"47":{"start":{"line":48,"column":0},"end":{"line":48,"column":17}},"48":{"start":{"line":49,"column":0},"end":{"line":49,"column":64}},"49":{"start":{"line":50,"column":0},"end":{"line":50,"column":2}},"53":{"start":{"line":54,"column":0},"end":{"line":54,"column":42}},"54":{"start":{"line":55,"column":0},"end":{"line":55,"column":17}},"55":{"start":{"line":56,"column":0},"end":{"line":56,"column":60}},"56":{"start":{"line":57,"column":0},"end":{"line":57,"column":2}},"94":{"start":{"line":95,"column":0},"end":{"line":95,"column":61}},"95":{"start":{"line":96,"column":0},"end":{"line":96,"column":50}},"97":{"start":{"line":98,"column":0},"end":{"line":98,"column":100}},"98":{"start":{"line":99,"column":0},"end":{"line":99,"column":89}},"101":{"start":{"line":102,"column":0},"end":{"line":102,"column":57}},"104":{"start":{"line":105,"column":0},"end":{"line":105,"column":39}},"105":{"start":{"line":106,"column":0},"end":{"line":106,"column":25}},"106":{"start":{"line":107,"column":0},"end":{"line":107,"column":31}},"107":{"start":{"line":108,"column":0},"end":{"line":108,"column":52}},"108":{"start":{"line":109,"column":0},"end":{"line":109,"column":2}},"115":{"start":{"line":116,"column":0},"end":{"line":116,"column":46}},"116":{"start":{"line":117,"column":0},"end":{"line":117,"column":63}},"117":{"start":{"line":118,"column":0},"end":{"line":118,"column":1}},"124":{"start":{"line":125,"column":0},"end":{"line":125,"column":42}},"125":{"start":{"line":126,"column":0},"end":{"line":126,"column":30}},"126":{"start":{"line":127,"column":0},"end":{"line":127,"column":1}},"129":{"start":{"line":130,"column":0},"end":{"line":130,"column":53}}},"s":{"46":1,"47":1,"48":6,"49":1,"53":1,"54":1,"55":4,"56":1,"94":1,"95":1,"97":1,"98":1,"101":1,"104":1,"105":1,"106":1,"107":1,"108":1,"115":1,"116":1,"117":1,"124":1,"125":1,"126":1,"129":1},"branchMap":{"0":{"type":"branch","line":48,"loc":{"start":{"line":48,"column":7},"end":{"line":49,"column":64}},"locations":[{"start":{"line":48,"column":7},"end":{"line":49,"column":64}}]},"1":{"type":"branch","line":49,"loc":{"start":{"line":49,"column":15},"end":{"line":49,"column":62}},"locations":[{"start":{"line":49,"column":15},"end":{"line":49,"column":62}}]},"2":{"type":"branch","line":49,"loc":{"start":{"line":49,"column":58},"end":{"line":49,"column":64}},"locations":[{"start":{"line":49,"column":58},"end":{"line":49,"column":64}}]},"3":{"type":"branch","line":55,"loc":{"start":{"line":55,"column":7},"end":{"line":56,"column":60}},"locations":[{"start":{"line":55,"column":7},"end":{"line":56,"column":60}}]},"4":{"type":"branch","line":56,"loc":{"start":{"line":56,"column":15},"end":{"line":56,"column":58}},"locations":[{"start":{"line":56,"column":15},"end":{"line":56,"column":58}}]},"5":{"type":"branch","line":56,"loc":{"start":{"line":56,"column":54},"end":{"line":56,"column":60}},"locations":[{"start":{"line":56,"column":54},"end":{"line":56,"column":60}}]},"6":{"type":"branch","line":98,"loc":{"start":{"line":98,"column":48},"end":{"line":98,"column":68}},"locations":[{"start":{"line":98,"column":48},"end":{"line":98,"column":68}}]},"7":{"type":"branch","line":116,"loc":{"start":{"line":116,"column":7},"end":{"line":118,"column":1}},"locations":[{"start":{"line":116,"column":7},"end":{"line":118,"column":1}}]},"8":{"type":"branch","line":125,"loc":{"start":{"line":125,"column":0},"end":{"line":127,"column":1}},"locations":[{"start":{"line":125,"column":0},"end":{"line":127,"column":1}}]}},"b":{"0":[6],"1":[3],"2":[3],"3":[4],"4":[2],"5":[2],"6":[1],"7":[1],"8":[1]},"fnMap":{"0":{"name":"map","decl":{"start":{"line":48,"column":7},"end":{"line":49,"column":64}},"loc":{"start":{"line":48,"column":7},"end":{"line":49,"column":64}},"line":48},"1":{"name":"map","decl":{"start":{"line":55,"column":7},"end":{"line":56,"column":60}},"loc":{"start":{"line":55,"column":7},"end":{"line":56,"column":60}},"line":55},"2":{"name":"unreachableCodeDemo","decl":{"start":{"line":116,"column":7},"end":{"line":118,"column":1}},"loc":{"start":{"line":116,"column":7},"end":{"line":118,"column":1}},"line":116},"3":{"name":"privateUnusedFunction","decl":{"start":{"line":125,"column":0},"end":{"line":127,"column":1}},"loc":{"start":{"line":125,"column":0},"end":{"line":127,"column":1}},"line":125}},"f":{"0":6,"1":4,"2":1,"3":1}}
}
